This file contains any messages produced by compilers while
running configure, to aid debugging if configure makes a mistake.

It was created by libmbus configure 0.9.0, which was
generated by GNU Autoconf 2.69.  Invocation command line was

  $ ./configure 

## --------- ##
## Platform. ##
## --------- ##

hostname = joomlatools
uname -m = x86_64
uname -r = 4.2.0-27-generic
uname -s = Linux
uname -v = #32~14.04.1-Ubuntu SMP Fri Jan 22 15:32:26 UTC 2016

/usr/bin/uname -p = unknown
/bin/uname -X     = unknown

/bin/arch              = unknown
/usr/bin/arch -k       = unknown
/usr/convex/getsysinfo = unknown
/usr/bin/hostinfo      = unknown
/bin/machine           = unknown
/usr/bin/oslevel       = unknown
/bin/universe          = unknown

PATH: /home/vagrant/.rvm/gems/ruby-2.2.6/bin
PATH: /home/vagrant/.rvm/gems/ruby-2.2.6@global/bin
PATH: /home/vagrant/.rvm/rubies/ruby-2.2.6/bin
PATH: /usr/local/sbin
PATH: /usr/local/bin
PATH: /usr/sbin
PATH: /usr/bin
PATH: /sbin
PATH: /bin
PATH: /usr/games
PATH: /usr/local/games
PATH: /home/vagrant/.rvm/bin
PATH: /home/vagrant/phpmanager
PATH: /home/vagrant/box
PATH: /home/vagrant/.composer/vendor/bin
PATH: /usr/share/phpmetrics/vendor/bin


## ----------- ##
## Core tests. ##
## ----------- ##

configure:2161: checking for a BSD-compatible install
configure:2229: result: libltdl/config/install-sh -c
configure:2240: checking whether build environment is sane
configure:2295: result: yes
configure:2446: checking for a thread-safe mkdir -p
configure:2485: result: /bin/mkdir -p
configure:2492: checking for gawk
configure:2508: found /usr/bin/gawk
configure:2519: result: gawk
configure:2530: checking whether make sets $(MAKE)
configure:2552: result: yes
configure:2581: checking whether make supports nested variables
configure:2598: result: yes
configure:2754: checking build system type
configure:2768: result: x86_64-unknown-linux-gnu
configure:2788: checking host system type
configure:2801: result: x86_64-unknown-linux-gnu
configure:2842: checking how to print strings
configure:2869: result: printf
configure:2902: checking for style of include used by make
configure:2930: result: GNU
configure:3001: checking for gcc
configure:3017: found /usr/bin/gcc
configure:3028: result: gcc
configure:3257: checking for C compiler version
configure:3266: gcc --version >&5
gcc (Ubuntu 4.8.4-2ubuntu1~14.04.4) 4.8.4
Copyright (C) 2013 Free Software Foundation, Inc.
This is free software; see the source for copying conditions.  There is NO
warranty; not even for MERCHANTABILITY or FITNESS FOR A PARTICULAR PURPOSE.

configure:3277: $? = 0
configure:3266: gcc -v >&5
Using built-in specs.
COLLECT_GCC=gcc
COLLECT_LTO_WRAPPER=/usr/lib/gcc/x86_64-linux-gnu/4.8/lto-wrapper
Target: x86_64-linux-gnu
Configured with: ../src/configure -v --with-pkgversion='Ubuntu 4.8.4-2ubuntu1~14.04.4' --with-bugurl=file:///usr/share/doc/gcc-4.8/README.Bugs --enable-languages=c,c++,java,go,d,fortran,objc,obj-c++ --prefix=/usr --program-suffix=-4.8 --enable-shared --enable-linker-build-id --libexecdir=/usr/lib --without-included-gettext --enable-threads=posix --with-gxx-include-dir=/usr/include/c++/4.8 --libdir=/usr/lib --enable-nls --with-sysroot=/ --enable-clocale=gnu --enable-libstdcxx-debug --enable-libstdcxx-time=yes --enable-gnu-unique-object --disable-libmudflap --enable-plugin --with-system-zlib --disable-browser-plugin --enable-java-awt=gtk --enable-gtk-cairo --with-java-home=/usr/lib/jvm/java-1.5.0-gcj-4.8-amd64/jre --enable-java-home --with-jvm-root-dir=/usr/lib/jvm/java-1.5.0-gcj-4.8-amd64 --with-jvm-jar-dir=/usr/lib/jvm-exports/java-1.5.0-gcj-4.8-amd64 --with-arch-directory=amd64 --with-ecj-jar=/usr/share/java/eclipse-ecj.jar --enable-objc-gc --enable-multiarch --disable-werror --with-arch-32=i686 --with-abi=m64 --with-multilib-list=m32,m64,mx32 --with-tune=generic --enable-checking=release --build=x86_64-linux-gnu --host=x86_64-linux-gnu --target=x86_64-linux-gnu
Thread model: posix
gcc version 4.8.4 (Ubuntu 4.8.4-2ubuntu1~14.04.4) 
configure:3277: $? = 0
configure:3266: gcc -V >&5
gcc: error: unrecognized command line option '-V'
gcc: fatal error: no input files
compilation terminated.
configure:3277: $? = 4
configure:3266: gcc -qversion >&5
gcc: error: unrecognized command line option '-qversion'
gcc: fatal error: no input files
compilation terminated.
configure:3277: $? = 4
configure:3297: checking whether the C compiler works
configure:3319: gcc    conftest.c  >&5
configure:3323: $? = 0
configure:3371: result: yes
configure:3374: checking for C compiler default output file name
configure:3376: result: a.out
configure:3382: checking for suffix of executables
configure:3389: gcc -o conftest    conftest.c  >&5
configure:3393: $? = 0
configure:3415: result: 
configure:3437: checking whether we are cross compiling
configure:3445: gcc -o conftest    conftest.c  >&5
configure:3449: $? = 0
configure:3456: ./conftest
configure:3460: $? = 0
configure:3475: result: no
configure:3480: checking for suffix of object files
configure:3502: gcc -c   conftest.c >&5
configure:3506: $? = 0
configure:3527: result: o
configure:3531: checking whether we are using the GNU C compiler
configure:3550: gcc -c   conftest.c >&5
configure:3550: $? = 0
configure:3559: result: yes
configure:3568: checking whether gcc accepts -g
configure:3588: gcc -c -g  conftest.c >&5
configure:3588: $? = 0
configure:3629: result: yes
configure:3646: checking for gcc option to accept ISO C89
configure:3709: gcc  -c -g -O2  conftest.c >&5
configure:3709: $? = 0
configure:3722: result: none needed
configure:3747: checking whether gcc understands -c and -o together
configure:3769: gcc -c conftest.c -o conftest2.o
configure:3772: $? = 0
configure:3769: gcc -c conftest.c -o conftest2.o
configure:3772: $? = 0
configure:3784: result: yes
configure:3803: checking dependency style of gcc
configure:3914: result: gcc3
configure:3929: checking for a sed that does not truncate output
configure:3993: result: /bin/sed
configure:4011: checking for grep that handles long lines and -e
configure:4069: result: /bin/grep
configure:4074: checking for egrep
configure:4136: result: /bin/grep -E
configure:4141: checking for fgrep
configure:4203: result: /bin/grep -F
configure:4238: checking for ld used by gcc
configure:4305: result: /usr/bin/ld
configure:4312: checking if the linker (/usr/bin/ld) is GNU ld
configure:4327: result: yes
configure:4339: checking for BSD- or MS-compatible name lister (nm)
configure:4388: result: /usr/bin/nm -B
configure:4518: checking the name lister (/usr/bin/nm -B) interface
configure:4525: gcc -c -g -O2  conftest.c >&5
configure:4528: /usr/bin/nm -B "conftest.o"
configure:4531: output
0000000000000000 B some_variable
configure:4538: result: BSD nm
configure:4541: checking whether ln -s works
configure:4545: result: yes
configure:4553: checking the maximum length of command line arguments
configure:4684: result: 1572864
configure:4701: checking whether the shell understands some XSI constructs
configure:4711: result: yes
configure:4715: checking whether the shell understands "+="
configure:4721: result: yes
configure:4756: checking how to convert x86_64-unknown-linux-gnu file names to x86_64-unknown-linux-gnu format
configure:4796: result: func_convert_file_noop
configure:4803: checking how to convert x86_64-unknown-linux-gnu file names to toolchain format
configure:4823: result: func_convert_file_noop
configure:4830: checking for /usr/bin/ld option to reload object files
configure:4837: result: -r
configure:4911: checking for objdump
configure:4927: found /usr/bin/objdump
configure:4938: result: objdump
configure:4970: checking how to recognize dependent libraries
configure:5168: result: pass_all
configure:5253: checking for dlltool
configure:5283: result: no
configure:5313: checking how to associate runtime and link libraries
configure:5340: result: printf %s\n
configure:5401: checking for ar
configure:5417: found /usr/bin/ar
configure:5428: result: ar
configure:5465: checking for archiver @FILE support
configure:5482: gcc -c -g -O2  conftest.c >&5
configure:5482: $? = 0
configure:5485: ar cru libconftest.a @conftest.lst >&5
configure:5488: $? = 0
configure:5493: ar cru libconftest.a @conftest.lst >&5
ar: conftest.o: No such file or directory
configure:5496: $? = 1
configure:5508: result: @
configure:5566: checking for strip
configure:5582: found /usr/bin/strip
configure:5593: result: strip
configure:5665: checking for ranlib
configure:5681: found /usr/bin/ranlib
configure:5692: result: ranlib
configure:5794: checking command to parse /usr/bin/nm -B output from gcc object
configure:5914: gcc -c -g -O2  conftest.c >&5
configure:5917: $? = 0
configure:5921: /usr/bin/nm -B conftest.o \| sed -n -e 's/^.*[ ]\([ABCDGIRSTW][ABCDGIRSTW]*\)[ ][ ]*\([_A-Za-z][_A-Za-z0-9]*\)$/\1 \2 \2/p' | sed '/ __gnu_lto/d' \> conftest.nm
configure:5924: $? = 0
configure:5990: gcc -o conftest -g -O2   conftest.c conftstm.o >&5
configure:5993: $? = 0
configure:6031: result: ok
configure:6068: checking for sysroot
configure:6098: result: no
configure:6175: gcc -c -g -O2  conftest.c >&5
configure:6178: $? = 0
configure:6367: checking for mt
configure:6383: found /bin/mt
configure:6394: result: mt
configure:6417: checking if mt is a manifest tool
configure:6423: mt '-?'
configure:6431: result: no
configure:7073: checking how to run the C preprocessor
configure:7104: gcc -E  conftest.c
configure:7104: $? = 0
configure:7118: gcc -E  conftest.c
conftest.c:11:28: fatal error: ac_nonexistent.h: No such file or directory
 #include <ac_nonexistent.h>
                            ^
compilation terminated.
configure:7118: $? = 1
configure: failed program was:
| /* confdefs.h */
| #define PACKAGE_NAME "libmbus"
| #define PACKAGE_TARNAME "libmbus"
| #define PACKAGE_VERSION "0.9.0"
| #define PACKAGE_STRING "libmbus 0.9.0"
| #define PACKAGE_BUGREPORT "info@rscada.se"
| #define PACKAGE_URL "http://www.rscada.se/libmbus/"
| #define PACKAGE "libmbus"
| #define VERSION "0.9.0"
| /* end confdefs.h.  */
| #include <ac_nonexistent.h>
configure:7143: result: gcc -E
configure:7163: gcc -E  conftest.c
configure:7163: $? = 0
configure:7177: gcc -E  conftest.c
conftest.c:11:28: fatal error: ac_nonexistent.h: No such file or directory
 #include <ac_nonexistent.h>
                            ^
compilation terminated.
configure:7177: $? = 1
configure: failed program was:
| /* confdefs.h */
| #define PACKAGE_NAME "libmbus"
| #define PACKAGE_TARNAME "libmbus"
| #define PACKAGE_VERSION "0.9.0"
| #define PACKAGE_STRING "libmbus 0.9.0"
| #define PACKAGE_BUGREPORT "info@rscada.se"
| #define PACKAGE_URL "http://www.rscada.se/libmbus/"
| #define PACKAGE "libmbus"
| #define VERSION "0.9.0"
| /* end confdefs.h.  */
| #include <ac_nonexistent.h>
configure:7206: checking for ANSI C header files
configure:7226: gcc -c -g -O2  conftest.c >&5
configure:7226: $? = 0
configure:7299: gcc -o conftest -g -O2   conftest.c  >&5
configure:7299: $? = 0
configure:7299: ./conftest
configure:7299: $? = 0
configure:7310: result: yes
configure:7323: checking for sys/types.h
configure:7323: gcc -c -g -O2  conftest.c >&5
configure:7323: $? = 0
configure:7323: result: yes
configure:7323: checking for sys/stat.h
configure:7323: gcc -c -g -O2  conftest.c >&5
configure:7323: $? = 0
configure:7323: result: yes
configure:7323: checking for stdlib.h
configure:7323: gcc -c -g -O2  conftest.c >&5
configure:7323: $? = 0
configure:7323: result: yes
configure:7323: checking for string.h
configure:7323: gcc -c -g -O2  conftest.c >&5
configure:7323: $? = 0
configure:7323: result: yes
configure:7323: checking for memory.h
configure:7323: gcc -c -g -O2  conftest.c >&5
configure:7323: $? = 0
configure:7323: result: yes
configure:7323: checking for strings.h
configure:7323: gcc -c -g -O2  conftest.c >&5
configure:7323: $? = 0
configure:7323: result: yes
configure:7323: checking for inttypes.h
configure:7323: gcc -c -g -O2  conftest.c >&5
configure:7323: $? = 0
configure:7323: result: yes
configure:7323: checking for stdint.h
configure:7323: gcc -c -g -O2  conftest.c >&5
configure:7323: $? = 0
configure:7323: result: yes
configure:7323: checking for unistd.h
configure:7323: gcc -c -g -O2  conftest.c >&5
configure:7323: $? = 0
configure:7323: result: yes
configure:7337: checking for dlfcn.h
configure:7337: gcc -c -g -O2  conftest.c >&5
configure:7337: $? = 0
configure:7337: result: yes
configure:7543: checking for objdir
configure:7558: result: .libs
configure:7825: checking if gcc supports -fno-rtti -fno-exceptions
configure:7843: gcc -c -g -O2  -fno-rtti -fno-exceptions conftest.c >&5
cc1: warning: command line option '-fno-rtti' is valid for C++/ObjC++ but not for C [enabled by default]
configure:7847: $? = 0
configure:7860: result: no
configure:8187: checking for gcc option to produce PIC
configure:8194: result: -fPIC -DPIC
configure:8202: checking if gcc PIC flag -fPIC -DPIC works
configure:8220: gcc -c -g -O2  -fPIC -DPIC -DPIC conftest.c >&5
configure:8224: $? = 0
configure:8237: result: yes
configure:8266: checking if gcc static flag -static works
configure:8294: result: yes
configure:8309: checking if gcc supports -c -o file.o
configure:8330: gcc -c -g -O2  -o out/conftest2.o conftest.c >&5
configure:8334: $? = 0
configure:8356: result: yes
configure:8364: checking if gcc supports -c -o file.o
configure:8411: result: yes
configure:8444: checking whether the gcc linker (/usr/bin/ld -m elf_x86_64) supports shared libraries
configure:9601: result: yes
configure:9638: checking whether -lc should be explicitly linked in
configure:9646: gcc -c -g -O2  conftest.c >&5
configure:9649: $? = 0
configure:9664: gcc -shared  -fPIC -DPIC conftest.o  -v -Wl,-soname -Wl,conftest -o conftest 2\>\&1 \| /bin/grep  -lc  \>/dev/null 2\>\&1
configure:9667: $? = 0
configure:9681: result: no
configure:9841: checking dynamic linker characteristics
configure:10341: gcc -o conftest -g -O2   -Wl,-rpath -Wl,/foo conftest.c  >&5
configure:10341: $? = 0
configure:10575: result: GNU/Linux ld.so
configure:10682: checking how to hardcode library paths into programs
configure:10707: result: immediate
configure:11247: checking whether stripping libraries is possible
configure:11252: result: yes
configure:11287: checking if libtool supports shared libraries
configure:11289: result: yes
configure:11292: checking whether to build shared libraries
configure:11313: result: yes
configure:11316: checking whether to build static libraries
configure:11320: result: yes
configure:11460: checking the archiver (ar) interface
configure:11476: gcc -c -g -O2  conftest.c >&5
configure:11476: $? = 0
configure:11478: ar cru libconftest.a conftest.o >&5
configure:11481: $? = 0
configure:11509: result: ar
configure:11580: checking for gcc
configure:11607: result: gcc
configure:11836: checking for C compiler version
configure:11845: gcc --version >&5
gcc (Ubuntu 4.8.4-2ubuntu1~14.04.4) 4.8.4
Copyright (C) 2013 Free Software Foundation, Inc.
This is free software; see the source for copying conditions.  There is NO
warranty; not even for MERCHANTABILITY or FITNESS FOR A PARTICULAR PURPOSE.

configure:11856: $? = 0
configure:11845: gcc -v >&5
Using built-in specs.
COLLECT_GCC=gcc
COLLECT_LTO_WRAPPER=/usr/lib/gcc/x86_64-linux-gnu/4.8/lto-wrapper
Target: x86_64-linux-gnu
Configured with: ../src/configure -v --with-pkgversion='Ubuntu 4.8.4-2ubuntu1~14.04.4' --with-bugurl=file:///usr/share/doc/gcc-4.8/README.Bugs --enable-languages=c,c++,java,go,d,fortran,objc,obj-c++ --prefix=/usr --program-suffix=-4.8 --enable-shared --enable-linker-build-id --libexecdir=/usr/lib --without-included-gettext --enable-threads=posix --with-gxx-include-dir=/usr/include/c++/4.8 --libdir=/usr/lib --enable-nls --with-sysroot=/ --enable-clocale=gnu --enable-libstdcxx-debug --enable-libstdcxx-time=yes --enable-gnu-unique-object --disable-libmudflap --enable-plugin --with-system-zlib --disable-browser-plugin --enable-java-awt=gtk --enable-gtk-cairo --with-java-home=/usr/lib/jvm/java-1.5.0-gcj-4.8-amd64/jre --enable-java-home --with-jvm-root-dir=/usr/lib/jvm/java-1.5.0-gcj-4.8-amd64 --with-jvm-jar-dir=/usr/lib/jvm-exports/java-1.5.0-gcj-4.8-amd64 --with-arch-directory=amd64 --with-ecj-jar=/usr/share/java/eclipse-ecj.jar --enable-objc-gc --enable-multiarch --disable-werror --with-arch-32=i686 --with-abi=m64 --with-multilib-list=m32,m64,mx32 --with-tune=generic --enable-checking=release --build=x86_64-linux-gnu --host=x86_64-linux-gnu --target=x86_64-linux-gnu
Thread model: posix
gcc version 4.8.4 (Ubuntu 4.8.4-2ubuntu1~14.04.4) 
configure:11856: $? = 0
configure:11845: gcc -V >&5
gcc: error: unrecognized command line option '-V'
gcc: fatal error: no input files
compilation terminated.
configure:11856: $? = 4
configure:11845: gcc -qversion >&5
gcc: error: unrecognized command line option '-qversion'
gcc: fatal error: no input files
compilation terminated.
configure:11856: $? = 4
configure:11860: checking whether we are using the GNU C compiler
configure:11888: result: yes
configure:11897: checking whether gcc accepts -g
configure:11958: result: yes
configure:11975: checking for gcc option to accept ISO C89
configure:12051: result: none needed
configure:12076: checking whether gcc understands -c and -o together
configure:12113: result: yes
configure:12132: checking dependency style of gcc
configure:12243: result: gcc3
configure:12372: checking that generated files are newer than configure
configure:12378: result: done
configure:12405: creating ./config.status

## ---------------------- ##
## Running config.status. ##
## ---------------------- ##

This file was extended by libmbus config.status 0.9.0, which was
generated by GNU Autoconf 2.69.  Invocation command line was

  CONFIG_FILES    = 
  CONFIG_HEADERS  = 
  CONFIG_LINKS    = 
  CONFIG_COMMANDS = 
  $ ./config.status 

on joomlatools

config.status:1085: creating Makefile
config.status:1085: creating mbus/Makefile
config.status:1085: creating test/Makefile
config.status:1085: creating bin/Makefile
config.status:1085: creating libmbus.pc
config.status:1085: creating config.h
config.status:1266: config.h is unchanged
config.status:1314: executing depfiles commands
config.status:1314: executing libtool commands

## ---------------- ##
## Cache variables. ##
## ---------------- ##

ac_cv_build=x86_64-unknown-linux-gnu
ac_cv_c_compiler_gnu=yes
ac_cv_env_CC_set=
ac_cv_env_CC_value=
ac_cv_env_CFLAGS_set=
ac_cv_env_CFLAGS_value=
ac_cv_env_CPPFLAGS_set=
ac_cv_env_CPPFLAGS_value=
ac_cv_env_CPP_set=
ac_cv_env_CPP_value=
ac_cv_env_LDFLAGS_set=
ac_cv_env_LDFLAGS_value=
ac_cv_env_LIBS_set=
ac_cv_env_LIBS_value=
ac_cv_env_build_alias_set=
ac_cv_env_build_alias_value=
ac_cv_env_host_alias_set=
ac_cv_env_host_alias_value=
ac_cv_env_target_alias_set=
ac_cv_env_target_alias_value=
ac_cv_header_dlfcn_h=yes
ac_cv_header_inttypes_h=yes
ac_cv_header_memory_h=yes
ac_cv_header_stdc=yes
ac_cv_header_stdint_h=yes
ac_cv_header_stdlib_h=yes
ac_cv_header_string_h=yes
ac_cv_header_strings_h=yes
ac_cv_header_sys_stat_h=yes
ac_cv_header_sys_types_h=yes
ac_cv_header_unistd_h=yes
ac_cv_host=x86_64-unknown-linux-gnu
ac_cv_objext=o
ac_cv_path_EGREP='/bin/grep -E'
ac_cv_path_FGREP='/bin/grep -F'
ac_cv_path_GREP=/bin/grep
ac_cv_path_SED=/bin/sed
ac_cv_path_mkdir=/bin/mkdir
ac_cv_prog_AWK=gawk
ac_cv_prog_CPP='gcc -E'
ac_cv_prog_ac_ct_AR=ar
ac_cv_prog_ac_ct_CC=gcc
ac_cv_prog_ac_ct_MANIFEST_TOOL=mt
ac_cv_prog_ac_ct_OBJDUMP=objdump
ac_cv_prog_ac_ct_RANLIB=ranlib
ac_cv_prog_ac_ct_STRIP=strip
ac_cv_prog_cc_c89=
ac_cv_prog_cc_g=yes
ac_cv_prog_make_make_set=yes
am_cv_CC_dependencies_compiler_type=gcc3
am_cv_ar_interface=ar
am_cv_make_support_nested_variables=yes
am_cv_prog_cc_c_o=yes
lt_cv_ar_at_file=@
lt_cv_archive_cmds_need_lc=no
lt_cv_deplibs_check_method=pass_all
lt_cv_file_magic_cmd='$MAGIC_CMD'
lt_cv_file_magic_test_file=
lt_cv_ld_reload_flag=-r
lt_cv_nm_interface='BSD nm'
lt_cv_objdir=.libs
lt_cv_path_LD=/usr/bin/ld
lt_cv_path_NM='/usr/bin/nm -B'
lt_cv_path_mainfest_tool=no
lt_cv_prog_compiler_c_o=yes
lt_cv_prog_compiler_pic='-fPIC -DPIC'
lt_cv_prog_compiler_pic_works=yes
lt_cv_prog_compiler_rtti_exceptions=no
lt_cv_prog_compiler_static_works=yes
lt_cv_prog_gnu_ld=yes
lt_cv_sharedlib_from_linklib_cmd='printf %s\n'
lt_cv_shlibpath_overrides_runpath=no
lt_cv_sys_global_symbol_pipe='sed -n -e '\''s/^.*[	 ]\([ABCDGIRSTW][ABCDGIRSTW]*\)[	 ][	 ]*\([_A-Za-z][_A-Za-z0-9]*\)$/\1 \2 \2/p'\'' | sed '\''/ __gnu_lto/d'\'''
lt_cv_sys_global_symbol_to_c_name_address='sed -n -e '\''s/^: \([^ ]*\)[ ]*$/  {\"\1\", (void *) 0},/p'\'' -e '\''s/^[ABCDGIRSTW]* \([^ ]*\) \([^ ]*\)$/  {"\2", (void *) \&\2},/p'\'''
lt_cv_sys_global_symbol_to_c_name_address_lib_prefix='sed -n -e '\''s/^: \([^ ]*\)[ ]*$/  {\"\1\", (void *) 0},/p'\'' -e '\''s/^[ABCDGIRSTW]* \([^ ]*\) \(lib[^ ]*\)$/  {"\2", (void *) \&\2},/p'\'' -e '\''s/^[ABCDGIRSTW]* \([^ ]*\) \([^ ]*\)$/  {"lib\2", (void *) \&\2},/p'\'''
lt_cv_sys_global_symbol_to_cdecl='sed -n -e '\''s/^T .* \(.*\)$/extern int \1();/p'\'' -e '\''s/^[ABCDGIRSTW]* .* \(.*\)$/extern char \1;/p'\'''
lt_cv_sys_max_cmd_len=1572864
lt_cv_to_host_file_cmd=func_convert_file_noop
lt_cv_to_tool_file_cmd=func_convert_file_noop

## ----------------- ##
## Output variables. ##
## ----------------- ##

ACLOCAL='${SHELL} /home/vagrant/Projects/coap-files/mbus2/libmbus/libltdl/config/missing aclocal-1.15'
AMDEPBACKSLASH='\'
AMDEP_FALSE='#'
AMDEP_TRUE=''
AMTAR='$${TAR-tar}'
AM_BACKSLASH='\'
AM_DEFAULT_V='$(AM_DEFAULT_VERBOSITY)'
AM_DEFAULT_VERBOSITY='1'
AM_V='$(V)'
AR='ar'
AUTOCONF='${SHELL} /home/vagrant/Projects/coap-files/mbus2/libmbus/libltdl/config/missing autoconf'
AUTOHEADER='${SHELL} /home/vagrant/Projects/coap-files/mbus2/libmbus/libltdl/config/missing autoheader'
AUTOMAKE='${SHELL} /home/vagrant/Projects/coap-files/mbus2/libmbus/libltdl/config/missing automake-1.15'
AWK='gawk'
CC='gcc'
CCDEPMODE='depmode=gcc3'
CFLAGS='-g -O2'
CPP='gcc -E'
CPPFLAGS=''
CYGPATH_W='echo'
DEFS='-DHAVE_CONFIG_H'
DEPDIR='.deps'
DLLTOOL='false'
DSYMUTIL=''
DUMPBIN=''
ECHO_C=''
ECHO_N='-n'
ECHO_T=''
EGREP='/bin/grep -E'
EXEEXT=''
FGREP='/bin/grep -F'
GREP='/bin/grep'
INSTALL_DATA='${INSTALL} -m 644'
INSTALL_PROGRAM='${INSTALL}'
INSTALL_SCRIPT='${INSTALL}'
INSTALL_STRIP_PROGRAM='$(install_sh) -c -s'
LD='/usr/bin/ld -m elf_x86_64'
LDFLAGS=' -version-info 0:9:0'
LIBOBJS=''
LIBS=''
LIBTOOL='$(SHELL) $(top_builddir)/libtool'
LIPO=''
LN_S='ln -s'
LTLIBOBJS=''
MAKEINFO='${SHELL} /home/vagrant/Projects/coap-files/mbus2/libmbus/libltdl/config/missing makeinfo'
MANIFEST_TOOL=':'
MKDIR_P='/bin/mkdir -p'
NM='/usr/bin/nm -B'
NMEDIT=''
OBJDUMP='objdump'
OBJEXT='o'
OTOOL64=''
OTOOL=''
PACKAGE='libmbus'
PACKAGE_BUGREPORT='info@rscada.se'
PACKAGE_NAME='libmbus'
PACKAGE_STRING='libmbus 0.9.0'
PACKAGE_TARNAME='libmbus'
PACKAGE_URL='http://www.rscada.se/libmbus/'
PACKAGE_VERSION='0.9.0'
PATH_SEPARATOR=':'
RANLIB='ranlib'
SED='/bin/sed'
SET_MAKE=''
SHELL='/bin/bash'
STRIP='strip'
VERSION='0.9.0'
ac_ct_AR='ar'
ac_ct_CC='gcc'
ac_ct_DUMPBIN=''
am__EXEEXT_FALSE=''
am__EXEEXT_TRUE='#'
am__fastdepCC_FALSE='#'
am__fastdepCC_TRUE=''
am__include='include'
am__isrc=''
am__leading_dot='.'
am__nodep='_no'
am__quote=''
am__tar='$${TAR-tar} chof - "$$tardir"'
am__untar='$${TAR-tar} xf -'
bindir='${exec_prefix}/bin'
build='x86_64-unknown-linux-gnu'
build_alias=''
build_cpu='x86_64'
build_os='linux-gnu'
build_vendor='unknown'
datadir='${datarootdir}'
datarootdir='${prefix}/share'
docdir='${datarootdir}/doc/${PACKAGE_TARNAME}'
dvidir='${docdir}'
exec_prefix='${prefix}'
host='x86_64-unknown-linux-gnu'
host_alias=''
host_cpu='x86_64'
host_os='linux-gnu'
host_vendor='unknown'
htmldir='${docdir}'
includedir='${prefix}/include'
infodir='${datarootdir}/info'
install_sh='${SHELL} /home/vagrant/Projects/coap-files/mbus2/libmbus/libltdl/config/install-sh'
libdir='${exec_prefix}/lib'
libexecdir='${exec_prefix}/libexec'
localedir='${datarootdir}/locale'
localstatedir='${prefix}/var'
mandir='${datarootdir}/man'
mkdir_p='$(MKDIR_P)'
oldincludedir='/usr/include'
pdfdir='${docdir}'
prefix='/usr/local'
program_transform_name='s,x,x,'
psdir='${docdir}'
sbindir='${exec_prefix}/sbin'
sharedstatedir='${prefix}/com'
sysconfdir='${prefix}/etc'
target_alias=''

## ----------- ##
## confdefs.h. ##
## ----------- ##

/* confdefs.h */
#define PACKAGE_NAME "libmbus"
#define PACKAGE_TARNAME "libmbus"
#define PACKAGE_VERSION "0.9.0"
#define PACKAGE_STRING "libmbus 0.9.0"
#define PACKAGE_BUGREPORT "info@rscada.se"
#define PACKAGE_URL "http://www.rscada.se/libmbus/"
#define PACKAGE "libmbus"
#define VERSION "0.9.0"
#define STDC_HEADERS 1
#define HAVE_SYS_TYPES_H 1
#define HAVE_SYS_STAT_H 1
#define HAVE_STDLIB_H 1
#define HAVE_STRING_H 1
#define HAVE_MEMORY_H 1
#define HAVE_STRINGS_H 1
#define HAVE_INTTYPES_H 1
#define HAVE_STDINT_H 1
#define HAVE_UNISTD_H 1
#define HAVE_DLFCN_H 1
#define LT_OBJDIR ".libs/"

configure: exit 0

## ---------------------- ##
## Running config.status. ##
## ---------------------- ##

This file was extended by libmbus config.status 0.9.0, which was
generated by GNU Autoconf 2.69.  Invocation command line was

  CONFIG_FILES    = 
  CONFIG_HEADERS  = 
  CONFIG_LINKS    = 
  CONFIG_COMMANDS = 
  $ ./config.status test/Makefile depfiles

on joomlatools

config.status:1085: creating test/Makefile
config.status:1314: executing depfiles commands
